<?xml version="1.0" encoding="UTF-8"?>
<!-- Generated by org.testng.reporters.JUnitReportReporter -->
<testsuite skipped="0" hostname="DESKTOP-U0GBSC6" name="seleniumtraining.ReadPropFile" tests="1" failures="0" timestamp="30 Sep 2019 17:33:51 GMT" time="9.336" errors="0">
  <testcase name="readPropertiesFileExample" time="9.336" classname="seleniumtraining.ReadPropFile"/>
</testsuite> <!-- seleniumtraining.ReadPropFile -->
