<?xml version="1.0" encoding="UTF-8"?>
<!-- Generated by org.testng.reporters.JUnitReportReporter -->
<testsuite skipped="0" hostname="DESKTOP-U0GBSC6" name="seleniumtraining.Handlepopup1" tests="1" failures="0" timestamp="05 Sep 2019 17:31:20 GMT" time="22.831" errors="0">
  <testcase name="handleWindowPopup1" time="22.831" classname="seleniumtraining.Handlepopup1"/>
</testsuite> <!-- seleniumtraining.Handlepopup1 -->
