<?xml version="1.0" encoding="UTF-8"?>
<!-- Generated by org.testng.reporters.JUnitReportReporter -->
<testsuite skipped="0" hostname="DESKTOP-U0GBSC6" name="testngConepts.ParallelInTestNG" tests="2" failures="0" timestamp="05 Oct 2019 08:52:05 GMT" time="30.653" errors="0">
  <testcase name="openFirefox" time="17.445" classname="testngConepts.ParallelInTestNG"/>
  <testcase name="openGoogleChrome" time="13.208" classname="testngConepts.ParallelInTestNG"/>
</testsuite> <!-- testngConepts.ParallelInTestNG -->
