<?xml version="1.0" encoding="UTF-8"?>
<!-- Generated by org.testng.reporters.JUnitReportReporter -->
<testsuite skipped="0" hostname="DESKTOP-U0GBSC6" name="testngConepts.ParallelTesting" tests="2" failures="0" timestamp="08 Oct 2019 03:32:54 GMT" time="87.327" errors="0">
  <testcase name="openGoogleChrome" time="11.417" classname="testngConepts.ParallelTesting"/>
  <testcase name="openFirefox" time="75.910" classname="testngConepts.ParallelTesting"/>
</testsuite> <!-- testngConepts.ParallelTesting -->
