<?xml version="1.0" encoding="UTF-8"?>
<!-- Generated by org.testng.reporters.JUnitReportReporter -->
<testsuite skipped="0" hostname="DESKTOP-U0GBSC6" name="testngConepts.Annotations" tests="3" failures="0" timestamp="28 Sep 2019 11:42:06 GMT" time="0.022" errors="0">
  <testcase name="test2" time="0.004" classname="testngConepts.Annotations"/>
  <testcase name="test3" time="0.001" classname="testngConepts.Annotations"/>
  <testcase name="test1" time="0.017" classname="testngConepts.Annotations"/>
</testsuite> <!-- testngConepts.Annotations -->
