<?xml version="1.0" encoding="UTF-8"?>
<!-- Generated by org.testng.reporters.JUnitReportReporter -->
<testsuite skipped="0" hostname="DESKTOP-U0GBSC6" name="seleniumtraining.Example1" tests="1" failures="0" timestamp="22 Aug 2019 02:44:54 GMT" time="20.495" errors="0">
  <testcase name="openGoogleSite" time="20.495" classname="seleniumtraining.Example1"/>
</testsuite> <!-- seleniumtraining.Example1 -->
