<?xml version="1.0" encoding="UTF-8"?>
<!-- Generated by org.testng.reporters.JUnitReportReporter -->
<testsuite skipped="0" hostname="DESKTOP-U0GBSC6" name="seleniumtraining.MouseConcept" tests="1" failures="0" timestamp="06 Sep 2019 03:27:41 GMT" time="28.517" errors="0">
  <testcase name="mouseExample" time="28.517" classname="seleniumtraining.MouseConcept"/>
</testsuite> <!-- seleniumtraining.MouseConcept -->
