<?xml version="1.0" encoding="UTF-8"?>
<!-- Generated by org.testng.reporters.JUnitReportReporter -->
<testsuite skipped="0" hostname="DESKTOP-U0GBSC6" name="seleniumtraining.HandlePopup" tests="1" failures="0" timestamp="05 Sep 2019 18:19:12 GMT" time="26.339" errors="0">
  <testcase name="handleWindowPopup" time="26.339" classname="seleniumtraining.HandlePopup"/>
</testsuite> <!-- seleniumtraining.HandlePopup -->
