<?xml version="1.0" encoding="UTF-8"?>
<!-- Generated by org.testng.reporters.JUnitReportReporter -->
<testsuite skipped="0" hostname="DESKTOP-U0GBSC6" name="seleniumtraining.FileUpload" tests="1" failures="0" timestamp="04 Sep 2019 03:14:06 GMT" time="18.844" errors="0">
  <testcase name="handleFileUpload" time="18.844" classname="seleniumtraining.FileUpload"/>
</testsuite> <!-- seleniumtraining.FileUpload -->
