<?xml version="1.0" encoding="UTF-8"?>
<!-- Generated by org.testng.reporters.JUnitReportReporter -->
<testsuite skipped="0" hostname="DESKTOP-U0GBSC6" name="testngConepts.DataProviderInTestNG" tests="3" failures="0" timestamp="30 Sep 2019 15:53:04 GMT" time="0.063" errors="0">
  <testcase name="test" time="0.016" classname="testngConepts.DataProviderInTestNG"/>
  <testcase name="test" time="0.039" classname="testngConepts.DataProviderInTestNG"/>
  <testcase name="test" time="0.008" classname="testngConepts.DataProviderInTestNG"/>
</testsuite> <!-- testngConepts.DataProviderInTestNG -->
