<?xml version="1.0" encoding="UTF-8"?>
<!-- Generated by org.testng.reporters.JUnitReportReporter -->
<testsuite skipped="0" hostname="DESKTOP-U0GBSC6" name="testngConepts.PriorityTest" tests="6" failures="0" timestamp="28 Sep 2019 11:16:13 GMT" time="47.501" errors="0">
  <testcase name="checkLinkTest" time="6.212" classname="testngConepts.PriorityTest"/>
  <testcase name="seachDataTest" time="11.057" classname="testngConepts.PriorityTest"/>
  <testcase name="checkLogoTest" time="6.994" classname="testngConepts.PriorityTest"/>
  <testcase name="test1" time="6.571" classname="testngConepts.PriorityTest"/>
  <testcase name="test2" time="9.946" classname="testngConepts.PriorityTest"/>
  <testcase name="test3" time="6.721" classname="testngConepts.PriorityTest"/>
</testsuite> <!-- testngConepts.PriorityTest -->
