<?xml version="1.0" encoding="UTF-8"?>
<!-- Generated by org.testng.reporters.JUnitReportReporter -->
<testsuite skipped="0" hostname="DESKTOP-U0GBSC6" name="seleniumtraining.Alerts" tests="1" failures="0" timestamp="04 Sep 2019 02:56:29 GMT" time="7.452" errors="0">
  <testcase name="alertPopupHandle" time="7.452" classname="seleniumtraining.Alerts"/>
</testsuite> <!-- seleniumtraining.Alerts -->
