<?xml version="1.0" encoding="UTF-8"?>
<!-- Generated by org.testng.reporters.JUnitReportReporter -->
<testsuite skipped="0" hostname="DESKTOP-U0GBSC6" name="testngConepts.DataproviderinTestNG1" tests="3" failures="0" timestamp="01 Oct 2019 02:45:52 GMT" time="55.040" errors="0">
  <testcase name="dataProviderexample" time="22.553" classname="testngConepts.DataproviderinTestNG1"/>
  <testcase name="dataProviderexample" time="12.865" classname="testngConepts.DataproviderinTestNG1"/>
  <testcase name="dataProviderexample" time="19.622" classname="testngConepts.DataproviderinTestNG1"/>
</testsuite> <!-- testngConepts.DataproviderinTestNG1 -->
