<?xml version="1.0" encoding="UTF-8"?>
<!-- Generated by org.testng.reporters.JUnitReportReporter -->
<testsuite skipped="0" hostname="DESKTOP-U0GBSC6" name="seleniumtraining.CRM" tests="1" failures="0" timestamp="29 Aug 2019 03:19:13 GMT" time="26.670" errors="0">
  <testcase name="dynamicXpath" time="26.670" classname="seleniumtraining.CRM"/>
</testsuite> <!-- seleniumtraining.CRM -->
