<?xml version="1.0" encoding="UTF-8"?>
<!-- Generated by org.testng.reporters.JUnitReportReporter -->
<testsuite skipped="0" hostname="DESKTOP-U0GBSC6" name="seleniumtraining.DragAndDrop" tests="1" failures="0" timestamp="06 Sep 2019 03:52:13 GMT" time="12.095" errors="0">
  <testcase name="dragAndDropExample" time="12.095" classname="seleniumtraining.DragAndDrop"/>
</testsuite> <!-- seleniumtraining.DragAndDrop -->
