<?xml version="1.0" encoding="UTF-8"?>
<!-- Generated by org.testng.reporters.JUnitReportReporter -->
<testsuite skipped="0" hostname="DESKTOP-U0GBSC6" name="testngConepts.ParameterConcept" tests="1" failures="0" timestamp="30 Sep 2019 02:48:36 GMT" time="58.063" errors="0">
  <testcase name="parameterisactionTest" time="58.063" classname="testngConepts.ParameterConcept"/>
</testsuite> <!-- testngConepts.ParameterConcept -->
