<?xml version="1.0" encoding="UTF-8"?>
<!-- Generated by org.testng.reporters.JUnitReportReporter -->
<testsuite skipped="0" hostname="DESKTOP-U0GBSC6" name="testngConepts.InvocationCount" tests="10" failures="0" timestamp="28 Sep 2019 11:33:30 GMT" time="0.072" errors="0">
  <testcase name="sum" time="0.020" classname="testngConepts.InvocationCount"/>
  <testcase name="sum" time="0.011" classname="testngConepts.InvocationCount"/>
  <testcase name="sum" time="0.002" classname="testngConepts.InvocationCount"/>
  <testcase name="sum" time="0.004" classname="testngConepts.InvocationCount"/>
  <testcase name="sum" time="0.004" classname="testngConepts.InvocationCount"/>
  <testcase name="sum" time="0.011" classname="testngConepts.InvocationCount"/>
  <testcase name="sum" time="0.002" classname="testngConepts.InvocationCount"/>
  <testcase name="sum" time="0.011" classname="testngConepts.InvocationCount"/>
  <testcase name="sum" time="0.005" classname="testngConepts.InvocationCount"/>
  <testcase name="sum" time="0.002" classname="testngConepts.InvocationCount"/>
</testsuite> <!-- testngConepts.InvocationCount -->
