<?xml version="1.0" encoding="UTF-8"?>
<!-- Generated by org.testng.reporters.JUnitReportReporter -->
<testsuite skipped="0" hostname="DESKTOP-U0GBSC6" name="seleniumtraining.JavaScriptExecutorConcept" tests="1" failures="0" timestamp="12 Sep 2019 03:21:28 GMT" time="24.439" errors="0">
  <testcase name="javaScriptExecutorExamples" time="24.439" classname="seleniumtraining.JavaScriptExecutorConcept"/>
</testsuite> <!-- seleniumtraining.JavaScriptExecutorConcept -->
