<?xml version="1.0" encoding="UTF-8"?>
<!-- Generated by org.testng.reporters.JUnitReportReporter -->
<testsuite skipped="0" hostname="DESKTOP-U0GBSC6" name="seleniumtraining.LocatorsInSelenium" tests="1" failures="0" timestamp="05 Oct 2019 10:09:12 GMT" time="67.196" errors="0">
  <testcase name="workWithLocators" time="67.196" classname="seleniumtraining.LocatorsInSelenium"/>
</testsuite> <!-- seleniumtraining.LocatorsInSelenium -->
