<?xml version="1.0" encoding="UTF-8"?>
<!-- Generated by org.testng.reporters.JUnitReportReporter -->
<testsuite skipped="0" hostname="DESKTOP-U0GBSC6" name="testngConepts.GroupsInTestNG" tests="2" failures="0" timestamp="05 Oct 2019 11:49:12 GMT" time="0.049" errors="0">
  <testcase name="test2" time="0.009" classname="testngConepts.GroupsInTestNG"/>
  <testcase name="test1" time="0.040" classname="testngConepts.GroupsInTestNG"/>
</testsuite> <!-- testngConepts.GroupsInTestNG -->
